Arguments: 
  /home/jack/.nvm/versions/node/v10.16.1/bin/node /usr/share/yarn/bin/yarn.js build

PATH: 
  .:/usr/local/cuda-8.0/bin:.:/usr/local/cuda-8.0/bin:/home/jack/.nvm/versions/node/v10.16.1/bin:/home/jack/anaconda3/bin:/home/jack/anaconda3/condabin:/usr/local/sbin:/usr/local/bin:/usr/sbin:/usr/bin:/sbin:/bin:/usr/games:/usr/local/games:/snap/bin:/usr/local/cuda-9.0/bin

Yarn version: 
  1.19.1

Node version: 
  10.16.1

Platform: 
  linux x64

Trace: 
  SyntaxError: /home/jack/Documents/mini-projects/lieblingsclub/package.json: Unexpected token } in JSON at position 508
      at JSON.parse (<anonymous>)
      at /usr/share/yarn/lib/cli.js:1625:59
      at Generator.next (<anonymous>)
      at step (/usr/share/yarn/lib/cli.js:304:30)
      at /usr/share/yarn/lib/cli.js:315:13

npm manifest: 
  {
    "name": "lieblingsclub",
    "version": "1.0.0",
    "main": "index.js",
    "repository": "https://JackEngelmann@bitbucket.org/JackEngelmann/lieblingsclub.git",
    "author": "Jack Engelmann <engejack@gmail.com>",
    "license": "MIT",
    "scripts": {
      "build-frontend": "cd client && yarn build",
      "build-backend": "cd backend && yarn build",
      "postinstall": "(cd client && yarn);(cd backend && yarn);",
      "build": "yarn build-frontend && yarn build-backend && cp -r client/build/* backend/public/",
    }
  }

yarn manifest: 
  No manifest

Lockfile: 
  # THIS IS AN AUTOGENERATED FILE. DO NOT EDIT THIS FILE DIRECTLY.
  # yarn lockfile v1
